0 info it worked if it ends with ok
1 verbose cli [ 'C:\\Program Files\\nodejs\\node.exe',
1 verbose cli   'C:\\Program Files\\nodejs\\node_modules\\npm\\bin\\npm-cli.js',
1 verbose cli   'install',
1 verbose cli   '--save-dev',
1 verbose cli   'grunt-exec' ]
2 info using npm@2.15.8
3 info using node@v4.4.7
4 verbose install initial load of D:\Source Code\Study\Web-Dev-With-Node-Express\Chap5\package.json
5 warn package.json nodeandexpress@1.0.0 No README data
6 verbose installManyTop reading scoped package data from D:\Source Code\Study\Web-Dev-With-Node-Express\Chap5\node_modules\chai\package.json
7 verbose installManyTop reading scoped package data from D:\Source Code\Study\Web-Dev-With-Node-Express\Chap5\node_modules\express\package.json
8 verbose installManyTop reading scoped package data from D:\Source Code\Study\Web-Dev-With-Node-Express\Chap5\node_modules\express3-handlebars\package.json
9 verbose installManyTop reading scoped package data from D:\Source Code\Study\Web-Dev-With-Node-Express\Chap5\node_modules\grunt\package.json
10 verbose installManyTop reading scoped package data from D:\Source Code\Study\Web-Dev-With-Node-Express\Chap5\node_modules\grunt-cafe-mocha\package.json
11 verbose installManyTop reading scoped package data from D:\Source Code\Study\Web-Dev-With-Node-Express\Chap5\node_modules\grunt-contrib-jshint\package.json
12 verbose installManyTop reading scoped package data from D:\Source Code\Study\Web-Dev-With-Node-Express\Chap5\node_modules\linkchecker\package.json
13 verbose installManyTop reading scoped package data from D:\Source Code\Study\Web-Dev-With-Node-Express\Chap5\node_modules\mocha\package.json
14 verbose installManyTop reading scoped package data from D:\Source Code\Study\Web-Dev-With-Node-Express\Chap5\node_modules\zombie\package.json
15 info package.json grunt-cafe-mocha@0.1.13 No license field.
16 info package.json express3-handlebars@0.5.2 No license field.
17 info package.json linkchecker@1.1.0 No repository field.
18 verbose readDependencies loading dependencies from D:\Source Code\Study\Web-Dev-With-Node-Express\Chap5\package.json
19 silly cache add args [ 'grunt-exec', null ]
20 verbose cache add spec grunt-exec
21 silly cache add parsed spec Result {
21 silly cache add   raw: 'grunt-exec',
21 silly cache add   scope: null,
21 silly cache add   name: 'grunt-exec',
21 silly cache add   rawSpec: '',
21 silly cache add   spec: 'latest',
21 silly cache add   type: 'tag' }
22 silly addNamed grunt-exec@latest
23 verbose addNamed "latest" is being treated as a dist-tag for grunt-exec
24 info addNameTag [ 'grunt-exec', 'latest' ]
25 silly mapToRegistry name grunt-exec
26 silly mapToRegistry using default registry
27 silly mapToRegistry registry https://registry.npmjs.org/
28 silly mapToRegistry data Result {
28 silly mapToRegistry   raw: 'grunt-exec',
28 silly mapToRegistry   scope: null,
28 silly mapToRegistry   name: 'grunt-exec',
28 silly mapToRegistry   rawSpec: '',
28 silly mapToRegistry   spec: 'latest',
28 silly mapToRegistry   type: 'tag' }
29 silly mapToRegistry uri https://registry.npmjs.org/grunt-exec
30 verbose addNameTag registry:https://registry.npmjs.org/grunt-exec not in flight; fetching
31 verbose request uri https://registry.npmjs.org/grunt-exec
32 verbose request no auth needed
33 info attempt registry request try #1 at 3:32:01 PM
34 verbose request id 1349841427220e3a
35 http request GET https://registry.npmjs.org/grunt-exec
36 http 200 https://registry.npmjs.org/grunt-exec
37 verbose headers { server: 'CouchDB/1.5.0 (Erlang OTP/R16B03)',
37 verbose headers   etag: '"6QMPKHYD3YMVIBDP71LTCVTDE"',
37 verbose headers   'content-type': 'application/json',
37 verbose headers   'content-encoding': 'gzip',
37 verbose headers   'cache-control': 'max-age=300',
37 verbose headers   'content-length': '5310',
37 verbose headers   'accept-ranges': 'bytes',
37 verbose headers   date: 'Thu, 08 Sep 2016 08:33:13 GMT',
37 verbose headers   via: '1.1 varnish',
37 verbose headers   age: '0',
37 verbose headers   connection: 'keep-alive',
37 verbose headers   'x-served-by': 'cache-hkg6820-HKG',
37 verbose headers   'x-cache': 'HIT',
37 verbose headers   'x-cache-hits': '1',
37 verbose headers   'x-timer': 'S1473323592.786059,VS0,VE236',
37 verbose headers   vary: 'Accept-Encoding' }
38 silly get cb [ 200,
38 silly get   { server: 'CouchDB/1.5.0 (Erlang OTP/R16B03)',
38 silly get     etag: '"6QMPKHYD3YMVIBDP71LTCVTDE"',
38 silly get     'content-type': 'application/json',
38 silly get     'content-encoding': 'gzip',
38 silly get     'cache-control': 'max-age=300',
38 silly get     'content-length': '5310',
38 silly get     'accept-ranges': 'bytes',
38 silly get     date: 'Thu, 08 Sep 2016 08:33:13 GMT',
38 silly get     via: '1.1 varnish',
38 silly get     age: '0',
38 silly get     connection: 'keep-alive',
38 silly get     'x-served-by': 'cache-hkg6820-HKG',
38 silly get     'x-cache': 'HIT',
38 silly get     'x-cache-hits': '1',
38 silly get     'x-timer': 'S1473323592.786059,VS0,VE236',
38 silly get     vary: 'Accept-Encoding' } ]
39 verbose get saving grunt-exec to C:\Users\phuc.ngo\AppData\Roaming\npm-cache\registry.npmjs.org\grunt-exec\.cache.json
40 verbose correctMkdir C:\Users\phuc.ngo\AppData\Roaming\npm-cache correctMkdir not in flight; initializing
41 silly addNameTag next cb for grunt-exec with tag latest
42 silly addNamed grunt-exec@1.0.0
43 verbose addNamed "1.0.0" is a plain semver version for grunt-exec
44 silly mapToRegistry name grunt-exec
45 silly mapToRegistry using default registry
46 silly mapToRegistry registry https://registry.npmjs.org/
47 silly mapToRegistry data Result {
47 silly mapToRegistry   raw: 'grunt-exec',
47 silly mapToRegistry   scope: null,
47 silly mapToRegistry   name: 'grunt-exec',
47 silly mapToRegistry   rawSpec: '',
47 silly mapToRegistry   spec: 'latest',
47 silly mapToRegistry   type: 'tag' }
48 silly mapToRegistry uri https://registry.npmjs.org/grunt-exec
49 verbose addRemoteTarball https://registry.npmjs.org/grunt-exec/-/grunt-exec-1.0.0.tgz not in flight; adding
50 verbose addRemoteTarball [ 'https://registry.npmjs.org/grunt-exec/-/grunt-exec-1.0.0.tgz',
50 verbose addRemoteTarball   'dc2b73cba42eb649f7732e3b304ea0ddb562568b' ]
51 info retry fetch attempt 1 at 3:32:02 PM
52 info attempt registry request try #1 at 3:32:02 PM
53 http fetch GET https://registry.npmjs.org/grunt-exec/-/grunt-exec-1.0.0.tgz
54 http fetch 200 https://registry.npmjs.org/grunt-exec/-/grunt-exec-1.0.0.tgz
55 silly fetchAndShaCheck shasum dc2b73cba42eb649f7732e3b304ea0ddb562568b
56 verbose addTmpTarball C:\Users\phuc.ngo\AppData\Local\Temp\npm-13388-c682d861\registry.npmjs.org\grunt-exec\-\grunt-exec-1.0.0.tgz not in flight; adding
57 verbose addTmpTarball already have metadata; skipping unpack for grunt-exec@1.0.0
58 verbose correctMkdir C:\Users\phuc.ngo\AppData\Roaming\npm-cache correctMkdir not in flight; initializing
59 silly cache afterAdd grunt-exec@1.0.0
60 verbose afterAdd C:\Users\phuc.ngo\AppData\Roaming\npm-cache\grunt-exec\1.0.0\package\package.json not in flight; writing
61 verbose correctMkdir C:\Users\phuc.ngo\AppData\Roaming\npm-cache correctMkdir not in flight; initializing
62 verbose afterAdd C:\Users\phuc.ngo\AppData\Roaming\npm-cache\grunt-exec\1.0.0\package\package.json written
63 silly install resolved [ { name: 'grunt-exec',
63 silly install resolved     description: 'Grunt task for executing shell commands.',
63 silly install resolved     version: '1.0.0',
63 silly install resolved     homepage: 'https://github.com/jharding/grunt-exec',
63 silly install resolved     author: { name: 'Jake Harding', email: 'jacob.s.harding@gmail.com' },
63 silly install resolved     contributors: [ [Object] ],
63 silly install resolved     repository: { type: 'git', url: 'git://github.com/jharding/grunt-exec.git' },
63 silly install resolved     bugs: { url: 'https://github.com/jharding/grunt-exec/issues' },
63 silly install resolved     license: 'MIT',
63 silly install resolved     main: 'Gruntfile.js',
63 silly install resolved     engines: { node: '>=0.8.0' },
63 silly install resolved     scripts: { test: 'node test/test.js' },
63 silly install resolved     peerDependencies: { grunt: '>=0.4' },
63 silly install resolved     devDependencies: { grunt: '^1.0.0', 'grunt-contrib-jshint': '^1.0.0' },
63 silly install resolved     keywords: [ 'grunt', 'gruntplugin', 'shell', 'exec', 'execute' ],
63 silly install resolved     gitHead: 'bed8ba66864ced6ae76415ecb94ece21bdc65f65',
63 silly install resolved     _id: 'grunt-exec@1.0.0',
63 silly install resolved     _shasum: 'dc2b73cba42eb649f7732e3b304ea0ddb562568b',
63 silly install resolved     _from: 'grunt-exec@latest',
63 silly install resolved     _npmVersion: '3.9.2',
63 silly install resolved     _nodeVersion: '6.0.0',
63 silly install resolved     _npmUser: { name: 'gwicksted', email: 'graeme.wicksted@gmail.com' },
63 silly install resolved     dist:
63 silly install resolved      { shasum: 'dc2b73cba42eb649f7732e3b304ea0ddb562568b',
63 silly install resolved        tarball: 'https://registry.npmjs.org/grunt-exec/-/grunt-exec-1.0.0.tgz' },
63 silly install resolved     maintainers: [ [Object], [Object] ],
63 silly install resolved     _npmOperationalInternal:
63 silly install resolved      { host: 'packages-12-west.internal.npmjs.com',
63 silly install resolved        tmp: 'tmp/grunt-exec-1.0.0.tgz_1466006781434_0.292367784306407' },
63 silly install resolved     directories: {},
63 silly install resolved     _resolved: 'https://registry.npmjs.org/grunt-exec/-/grunt-exec-1.0.0.tgz' } ]
64 info install grunt-exec@1.0.0 into D:\Source Code\Study\Web-Dev-With-Node-Express\Chap5
65 info installOne grunt-exec@1.0.0
66 verbose installOne of grunt-exec to D:\Source Code\Study\Web-Dev-With-Node-Express\Chap5 not in flight; installing
67 verbose correctMkdir C:\Users\phuc.ngo\AppData\Roaming\npm-cache\_locks correctMkdir not in flight; initializing
68 verbose lock using C:\Users\phuc.ngo\AppData\Roaming\npm-cache\_locks\grunt-exec-364a7bcb50b8c46e.lock for D:\Source Code\Study\Web-Dev-With-Node-Express\Chap5\node_modules\grunt-exec
69 silly install write writing grunt-exec 1.0.0 to D:\Source Code\Study\Web-Dev-With-Node-Express\Chap5\node_modules\grunt-exec
70 verbose unbuild node_modules\grunt-exec
71 silly gentlyRm D:\Source Code\Study\Web-Dev-With-Node-Express\Chap5\node_modules\grunt-exec is being purged from base D:\Source Code\Study\Web-Dev-With-Node-Express\Chap5
72 verbose gentlyRm don't care about contents; nuking D:\Source Code\Study\Web-Dev-With-Node-Express\Chap5\node_modules\grunt-exec
73 verbose tar unpack C:\Users\phuc.ngo\AppData\Roaming\npm-cache\grunt-exec\1.0.0\package.tgz
74 verbose tar unpacking to D:\Source Code\Study\Web-Dev-With-Node-Express\Chap5\node_modules\grunt-exec
75 silly gentlyRm D:\Source Code\Study\Web-Dev-With-Node-Express\Chap5\node_modules\grunt-exec is being purged
76 verbose gentlyRm don't care about contents; nuking D:\Source Code\Study\Web-Dev-With-Node-Express\Chap5\node_modules\grunt-exec
77 silly gunzTarPerm modes [ '777', '666' ]
78 silly gunzTarPerm extractEntry package.json
79 silly gunzTarPerm extractEntry .npmignore
80 silly gunzTarPerm extractEntry README.md
81 silly gunzTarPerm extractEntry Gruntfile.js
82 silly gunzTarPerm extractEntry .travis.yml
83 silly gunzTarPerm extractEntry LICENSE-MIT
84 silly gunzTarPerm extractEntry tasks/exec.js
85 silly gunzTarPerm extractEntry test/Gruntfile.js
86 silly gunzTarPerm extractEntry test/test.js
87 verbose write writing to D:\Source Code\Study\Web-Dev-With-Node-Express\Chap5\node_modules\grunt-exec\package.json
88 info preinstall grunt-exec@1.0.0
89 verbose readDependencies loading dependencies from D:\Source Code\Study\Web-Dev-With-Node-Express\Chap5\node_modules\grunt-exec\package.json
90 verbose readDependencies loading dependencies from D:\Source Code\Study\Web-Dev-With-Node-Express\Chap5\node_modules\grunt-exec\package.json
91 silly install resolved []
92 verbose about to build D:\Source Code\Study\Web-Dev-With-Node-Express\Chap5\node_modules\grunt-exec
93 info build D:\Source Code\Study\Web-Dev-With-Node-Express\Chap5\node_modules\grunt-exec
94 info linkStuff grunt-exec@1.0.0
95 silly linkStuff grunt-exec@1.0.0 has D:\Source Code\Study\Web-Dev-With-Node-Express\Chap5\node_modules as its parent node_modules
96 verbose linkBins grunt-exec@1.0.0
97 verbose linkMans grunt-exec@1.0.0
98 verbose rebuildBundles grunt-exec@1.0.0
99 info install grunt-exec@1.0.0
100 info postinstall grunt-exec@1.0.0
101 verbose unlock done using C:\Users\phuc.ngo\AppData\Roaming\npm-cache\_locks\grunt-exec-364a7bcb50b8c46e.lock for D:\Source Code\Study\Web-Dev-With-Node-Express\Chap5\node_modules\grunt-exec
102 verbose validateInstall loading D:\Source Code\Study\Web-Dev-With-Node-Express\Chap5\package.json for validation
103 verbose stack Error: The package grunt@1.0.1 does not satisfy its siblings' peerDependencies requirements!
103 verbose stack     at C:\Program Files\nodejs\node_modules\npm\lib\install.js:125:32
103 verbose stack     at C:\Program Files\nodejs\node_modules\npm\lib\install.js:268:7
103 verbose stack     at C:\Program Files\nodejs\node_modules\npm\node_modules\read-installed\read-installed.js:142:5
103 verbose stack     at C:\Program Files\nodejs\node_modules\npm\node_modules\read-installed\read-installed.js:263:14
103 verbose stack     at cb (C:\Program Files\nodejs\node_modules\npm\node_modules\slide\lib\async-map.js:47:24)
103 verbose stack     at C:\Program Files\nodejs\node_modules\npm\node_modules\read-installed\read-installed.js:263:14
103 verbose stack     at cb (C:\Program Files\nodejs\node_modules\npm\node_modules\slide\lib\async-map.js:47:24)
103 verbose stack     at C:\Program Files\nodejs\node_modules\npm\node_modules\read-installed\read-installed.js:263:14
103 verbose stack     at cb (C:\Program Files\nodejs\node_modules\npm\node_modules\slide\lib\async-map.js:47:24)
103 verbose stack     at C:\Program Files\nodejs\node_modules\npm\node_modules\read-installed\read-installed.js:263:14
104 verbose cwd D:\Source Code\Study\Web-Dev-With-Node-Express\Chap5
105 error Windows_NT 10.0.10586
106 error argv "C:\\Program Files\\nodejs\\node.exe" "C:\\Program Files\\nodejs\\node_modules\\npm\\bin\\npm-cli.js" "install" "--save-dev" "grunt-exec"
107 error node v4.4.7
108 error npm  v2.15.8
109 error code EPEERINVALID
110 error peerinvalid The package grunt@1.0.1 does not satisfy its siblings' peerDependencies requirements!
110 error peerinvalid Peer grunt-exec@1.0.0 wants grunt@>=0.4
110 error peerinvalid Peer grunt-cafe-mocha@0.1.13 wants grunt@~0.4.1
110 error peerinvalid Peer grunt-contrib-jshint@1.0.0 wants grunt@>=0.4.0
111 verbose exit [ 1, true ]
